# JRE version: OpenJDK Runtime Environment (8.0_152-b02) (build 1.8.0_152-release-1024-b02)
# Java VM: OpenJDK 64-Bit Server VM (25.152-b02 mixed mode windows-amd64 compressed oops)
Heap:
 PSYoungGen      total 174080K, used 87561K [0x00000000eab00000, 0x00000000f6580000, 0x0000000100000000)
  eden space 159232K, 45% used [0x00000000eab00000,0x00000000ef2078f0,0x00000000f4680000)
  from space 14848K, 99% used [0x00000000f4880000,0x00000000f56fad88,0x00000000f5700000)
  to   space 12288K, 0% used [0x00000000f5980000,0x00000000f5980000,0x00000000f6580000)
 ParOldGen       total 87552K, used 19927K [0x00000000c0000000, 0x00000000c5580000, 0x00000000eab00000)
  object space 87552K, 22% used [0x00000000c0000000,0x00000000c1375f30,0x00000000c5580000)
 Metaspace       used 47088K, capacity 47980K, committed 48256K, reserved 1091584K
  class space    used 6209K, capacity 6429K, committed 6528K, reserved 1048576K
GC Heap History (10 events):
Event: 9.307 GC heap before
{Heap before GC invocations=7 (full 1):
 PSYoungGen      total 71680K, used 71679K [0x00000000eab00000, 0x00000000f2a80000, 0x0000000100000000)
  eden space 66560K, 100% used [0x00000000eab00000,0x00000000eec00000,0x00000000eec00000)
  from space 5120K, 99% used [0x00000000eec00000,0x00000000ef0ffdf0,0x00000000ef100000)
  to   space 11264K, 0% used [0x00000000f1f80000,0x00000000f1f80000,0x00000000f2a80000)
 ParOldGen       total 62464K, used 12359K [0x00000000c0000000, 0x00000000c3d00000, 0x00000000eab00000)
  object space 62464K, 19% used [0x00000000c0000000,0x00000000c0c11ce8,0x00000000c3d00000)
 Metaspace       used 25444K, capacity 25974K, committed 26368K, reserved 1073152K
  class space    used 3289K, capacity 3459K, committed 3584K, reserved 1048576K
Event: 9.312 GC heap after
Heap after GC invocations=7 (full 1):
 PSYoungGen      total 117248K, used 2720K [0x00000000eab00000, 0x00000000f2980000, 0x0000000100000000)
  eden space 107008K, 0% used [0x00000000eab00000,0x00000000eab00000,0x00000000f1380000)
  from space 10240K, 26% used [0x00000000f1f80000,0x00000000f2228040,0x00000000f2980000)
  to   space 11264K, 0% used [0x00000000f1380000,0x00000000f1380000,0x00000000f1e80000)
 ParOldGen       total 62464K, used 12367K [0x00000000c0000000, 0x00000000c3d00000, 0x00000000eab00000)
  object space 62464K, 19% used [0x00000000c0000000,0x00000000c0c13ce8,0x00000000c3d00000)
 Metaspace       used 25444K, capacity 25974K, committed 26368K, reserved 1073152K
  class space    used 3289K, capacity 3459K, committed 3584K, reserved 1048576K
}
Event: 13.760 GC heap before
{Heap before GC invocations=8 (full 1):
 PSYoungGen      total 117248K, used 109728K [0x00000000eab00000, 0x00000000f2980000, 0x0000000100000000)
  eden space 107008K, 100% used [0x00000000eab00000,0x00000000f1380000,0x00000000f1380000)
  from space 10240K, 26% used [0x00000000f1f80000,0x00000000f2228040,0x00000000f2980000)
  to   space 11264K, 0% used [0x00000000f1380000,0x00000000f1380000,0x00000000f1e80000)
 ParOldGen       total 62464K, used 12367K [0x00000000c0000000, 0x00000000c3d00000, 0x00000000eab00000)
  object space 62464K, 19% used [0x00000000c0000000,0x00000000c0c13ce8,0x00000000c3d00000)
 Metaspace       used 31443K, capacity 32236K, committed 32512K, reserved 1077248K
  class space    used 4042K, capacity 4305K, committed 4352K, reserved 1048576K
Event: 13.770 GC heap after
Heap after GC invocations=8 (full 1):
 PSYoungGen      total 118272K, used 10936K [0x00000000eab00000, 0x00000000f6680000, 0x0000000100000000)
  eden space 107008K, 0% used [0x00000000eab00000,0x00000000eab00000,0x00000000f1380000)
  from space 11264K, 97% used [0x00000000f1380000,0x00000000f1e2e310,0x00000000f1e80000)
  to   space 13312K, 0% used [0x00000000f5980000,0x00000000f5980000,0x00000000f6680000)
 ParOldGen       total 62464K, used 12439K [0x00000000c0000000, 0x00000000c3d00000, 0x00000000eab00000)
  object space 62464K, 19% used [0x00000000c0000000,0x00000000c0c25cf8,0x00000000c3d00000)
 Metaspace       used 31443K, capacity 32236K, committed 32512K, reserved 1077248K
  class space    used 4042K, capacity 4305K, committed 4352K, reserved 1048576K
}
Event: 18.000 GC heap before
{Heap before GC invocations=9 (full 1):
 PSYoungGen      total 118272K, used 85109K [0x00000000eab00000, 0x00000000f6680000, 0x0000000100000000)
  eden space 107008K, 69% used [0x00000000eab00000,0x00000000ef36f300,0x00000000f1380000)
  from space 11264K, 97% used [0x00000000f1380000,0x00000000f1e2e310,0x00000000f1e80000)
  to   space 13312K, 0% used [0x00000000f5980000,0x00000000f5980000,0x00000000f6680000)
 ParOldGen       total 62464K, used 12439K [0x00000000c0000000, 0x00000000c3d00000, 0x00000000eab00000)
  object space 62464K, 19% used [0x00000000c0000000,0x00000000c0c25cf8,0x00000000c3d00000)
 Metaspace       used 34557K, capacity 35368K, committed 35456K, reserved 1079296K
  class space    used 4440K, capacity 4689K, committed 4736K, reserved 1048576K
Event: 18.013 GC heap after
Heap after GC invocations=9 (full 1):
 PSYoungGen      total 171520K, used 11813K [0x00000000eab00000, 0x00000000f6580000, 0x0000000100000000)
  eden space 159232K, 0% used [0x00000000eab00000,0x00000000eab00000,0x00000000f4680000)
  from space 12288K, 96% used [0x00000000f5980000,0x00000000f6509590,0x00000000f6580000)
  to   space 14848K, 0% used [0x00000000f4880000,0x00000000f4880000,0x00000000f5700000)
 ParOldGen       total 62464K, used 12447K [0x00000000c0000000, 0x00000000c3d00000, 0x00000000eab00000)
  object space 62464K, 19% used [0x00000000c0000000,0x00000000c0c27cf8,0x00000000c3d00000)
 Metaspace       used 34557K, capacity 35368K, committed 35456K, reserved 1079296K
  class space    used 4440K, capacity 4689K, committed 4736K, reserved 1048576K
}
Event: 18.013 GC heap before
{Heap before GC invocations=10 (full 2):
 PSYoungGen      total 171520K, used 11813K [0x00000000eab00000, 0x00000000f6580000, 0x0000000100000000)
  eden space 159232K, 0% used [0x00000000eab00000,0x00000000eab00000,0x00000000f4680000)
  from space 12288K, 96% used [0x00000000f5980000,0x00000000f6509590,0x00000000f6580000)
  to   space 14848K, 0% used [0x00000000f4880000,0x00000000f4880000,0x00000000f5700000)
 ParOldGen       total 62464K, used 12447K [0x00000000c0000000, 0x00000000c3d00000, 0x00000000eab00000)
  object space 62464K, 19% used [0x00000000c0000000,0x00000000c0c27cf8,0x00000000c3d00000)
 Metaspace       used 34557K, capacity 35368K, committed 35456K, reserved 1079296K
  class space    used 4440K, capacity 4689K, committed 4736K, reserved 1048576K
Event: 18.091 GC heap after
Heap after GC invocations=10 (full 2):
 PSYoungGen      total 171520K, used 0K [0x00000000eab00000, 0x00000000f6580000, 0x0000000100000000)
  eden space 159232K, 0% used [0x00000000eab00000,0x00000000eab00000,0x00000000f4680000)
  from space 12288K, 0% used [0x00000000f5980000,0x00000000f5980000,0x00000000f6580000)
  to   space 14848K, 0% used [0x00000000f4880000,0x00000000f4880000,0x00000000f5700000)
 ParOldGen       total 87552K, used 17650K [0x00000000c0000000, 0x00000000c5580000, 0x00000000eab00000)
  object space 87552K, 20% used [0x00000000c0000000,0x00000000c113cb78,0x00000000c5580000)
 Metaspace       used 34448K, capacity 35170K, committed 35456K, reserved 1079296K
  class space    used 4408K, capacity 4623K, committed 4736K, reserved 1048576K
}
Event: 21.759 GC heap before
{Heap before GC invocations=11 (full 2):
 PSYoungGen      total 171520K, used 159232K [0x00000000eab00000, 0x00000000f6580000, 0x0000000100000000)
  eden space 159232K, 100% used [0x00000000eab00000,0x00000000f4680000,0x00000000f4680000)
  from space 12288K, 0% used [0x00000000f5980000,0x00000000f5980000,0x00000000f6580000)
  to   space 14848K, 0% used [0x00000000f4880000,0x00000000f4880000,0x00000000f5700000)
 ParOldGen       total 87552K, used 17650K [0x00000000c0000000, 0x00000000c5580000, 0x00000000eab00000)
  object space 87552K, 20% used [0x00000000c0000000,0x00000000c113cb78,0x00000000c5580000)
 Metaspace       used 44535K, capacity 45418K, committed 45696K, reserved 1089536K
  class space    used 5792K, capacity 6013K, committed 6016K, reserved 1048576K
Event: 21.799 GC heap after
Heap after GC invocations=11 (full 2):
 PSYoungGen      total 174080K, used 14827K [0x00000000eab00000, 0x00000000f6580000, 0x0000000100000000)
  eden space 159232K, 0% used [0x00000000eab00000,0x00000000eab00000,0x00000000f4680000)
  from space 14848K, 99% used [0x00000000f4880000,0x00000000f56fad88,0x00000000f5700000)
  to   space 12288K, 0% used [0x00000000f5980000,0x00000000f5980000,0x00000000f6580000)
 ParOldGen       total 87552K, used 19927K [0x00000000c0000000, 0x00000000c5580000, 0x00000000eab00000)
  object space 87552K, 22% used [0x00000000c0000000,0x00000000c1375f30,0x00000000c5580000)
 Metaspace       used 44535K, capacity 45418K, committed 45696K, reserved 1089536K
  class space    used 5792K, capacity 6013K, committed 6016K, reserved 1048576K
}

