# JRE version: OpenJDK Runtime Environment (8.0_152-b02) (build 1.8.0_152-release-1024-b02)
# Java VM: OpenJDK 64-Bit Server VM (25.152-b02 mixed mode windows-amd64 compressed oops)
Heap:
 PSYoungGen      total 165888K, used 86435K [0x00000000eab00000, 0x00000000f8100000, 0x0000000100000000)
  eden space 145408K, 50% used [0x00000000eab00000,0x00000000ef231bc0,0x00000000f3900000)
  from space 20480K, 66% used [0x00000000f4d80000,0x00000000f5ab70a8,0x00000000f6180000)
  to   space 20992K, 0% used [0x00000000f3900000,0x00000000f3900000,0x00000000f4d80000)
 ParOldGen       total 98304K, used 38497K [0x00000000c0000000, 0x00000000c6000000, 0x00000000eab00000)
  object space 98304K, 39% used [0x00000000c0000000,0x00000000c2598760,0x00000000c6000000)
 Metaspace       used 51661K, capacity 53332K, committed 53504K, reserved 1095680K
  class space    used 6952K, capacity 7421K, committed 7424K, reserved 1048576K
GC Heap History (10 events):
Event: 6.478 GC heap before
{Heap before GC invocations=9 (full 2):
 PSYoungGen      total 113152K, used 12278K [0x00000000eab00000, 0x00000000f6080000, 0x0000000100000000)
  eden space 100864K, 0% used [0x00000000eab00000,0x00000000eab00000,0x00000000f0d80000)
  from space 12288K, 99% used [0x00000000f0d80000,0x00000000f197dad8,0x00000000f1980000)
  to   space 15360K, 0% used [0x00000000f5180000,0x00000000f5180000,0x00000000f6080000)
 ParOldGen       total 59392K, used 14578K [0x00000000c0000000, 0x00000000c3a00000, 0x00000000eab00000)
  object space 59392K, 24% used [0x00000000c0000000,0x00000000c0e3c9d0,0x00000000c3a00000)
 Metaspace       used 34539K, capacity 35382K, committed 35456K, reserved 1079296K
  class space    used 4526K, capacity 4705K, committed 4736K, reserved 1048576K
Event: 6.568 GC heap after
Heap after GC invocations=9 (full 2):
 PSYoungGen      total 113152K, used 0K [0x00000000eab00000, 0x00000000f6080000, 0x0000000100000000)
  eden space 100864K, 0% used [0x00000000eab00000,0x00000000eab00000,0x00000000f0d80000)
  from space 12288K, 0% used [0x00000000f0d80000,0x00000000f0d80000,0x00000000f1980000)
  to   space 15360K, 0% used [0x00000000f5180000,0x00000000f5180000,0x00000000f6080000)
 ParOldGen       total 98304K, used 21484K [0x00000000c0000000, 0x00000000c6000000, 0x00000000eab00000)
  object space 98304K, 21% used [0x00000000c0000000,0x00000000c14fb358,0x00000000c6000000)
 Metaspace       used 34539K, capacity 35382K, committed 35456K, reserved 1079296K
  class space    used 4526K, capacity 4705K, committed 4736K, reserved 1048576K
}
Event: 8.487 GC heap before
{Heap before GC invocations=10 (full 2):
 PSYoungGen      total 113152K, used 100864K [0x00000000eab00000, 0x00000000f6080000, 0x0000000100000000)
  eden space 100864K, 100% used [0x00000000eab00000,0x00000000f0d80000,0x00000000f0d80000)
  from space 12288K, 0% used [0x00000000f0d80000,0x00000000f0d80000,0x00000000f1980000)
  to   space 15360K, 0% used [0x00000000f5180000,0x00000000f5180000,0x00000000f6080000)
 ParOldGen       total 98304K, used 21484K [0x00000000c0000000, 0x00000000c6000000, 0x00000000eab00000)
  object space 98304K, 21% used [0x00000000c0000000,0x00000000c14fb358,0x00000000c6000000)
 Metaspace       used 41947K, capacity 42952K, committed 43008K, reserved 1087488K
  class space    used 5612K, capacity 5871K, committed 5888K, reserved 1048576K
Event: 8.501 GC heap after
Heap after GC invocations=10 (full 2):
 PSYoungGen      total 156672K, used 11572K [0x00000000eab00000, 0x00000000f5d00000, 0x0000000100000000)
  eden space 144896K, 0% used [0x00000000eab00000,0x00000000eab00000,0x00000000f3880000)
  from space 11776K, 98% used [0x00000000f5180000,0x00000000f5ccd248,0x00000000f5d00000)
  to   space 15872K, 0% used [0x00000000f3e00000,0x00000000f3e00000,0x00000000f4d80000)
 ParOldGen       total 98304K, used 21492K [0x00000000c0000000, 0x00000000c6000000, 0x00000000eab00000)
  object space 98304K, 21% used [0x00000000c0000000,0x00000000c14fd358,0x00000000c6000000)
 Metaspace       used 41947K, capacity 42952K, committed 43008K, reserved 1087488K
  class space    used 5612K, capacity 5871K, committed 5888K, reserved 1048576K
}
Event: 10.095 GC heap before
{Heap before GC invocations=11 (full 2):
 PSYoungGen      total 156672K, used 146508K [0x00000000eab00000, 0x00000000f5d00000, 0x0000000100000000)
  eden space 144896K, 93% used [0x00000000eab00000,0x00000000f2ec5e18,0x00000000f3880000)
  from space 11776K, 98% used [0x00000000f5180000,0x00000000f5ccd248,0x00000000f5d00000)
  to   space 15872K, 0% used [0x00000000f3e00000,0x00000000f3e00000,0x00000000f4d80000)
 ParOldGen       total 98304K, used 21492K [0x00000000c0000000, 0x00000000c6000000, 0x00000000eab00000)
  object space 98304K, 21% used [0x00000000c0000000,0x00000000c14fd358,0x00000000c6000000)
 Metaspace       used 46930K, capacity 48360K, committed 48640K, reserved 1091584K
  class space    used 6406K, capacity 6786K, committed 6912K, reserved 1048576K
Event: 10.122 GC heap after
Heap after GC invocations=11 (full 2):
 PSYoungGen      total 160768K, used 15864K [0x00000000eab00000, 0x00000000f6180000, 0x0000000100000000)
  eden space 144896K, 0% used [0x00000000eab00000,0x00000000eab00000,0x00000000f3880000)
  from space 15872K, 99% used [0x00000000f3e00000,0x00000000f4d7e040,0x00000000f4d80000)
  to   space 20480K, 0% used [0x00000000f4d80000,0x00000000f4d80000,0x00000000f6180000)
 ParOldGen       total 98304K, used 28670K [0x00000000c0000000, 0x00000000c6000000, 0x00000000eab00000)
  object space 98304K, 29% used [0x00000000c0000000,0x00000000c1bffa50,0x00000000c6000000)
 Metaspace       used 46930K, capacity 48360K, committed 48640K, reserved 1091584K
  class space    used 6406K, capacity 6786K, committed 6912K, reserved 1048576K
}
Event: 10.122 GC heap before
{Heap before GC invocations=12 (full 3):
 PSYoungGen      total 160768K, used 15864K [0x00000000eab00000, 0x00000000f6180000, 0x0000000100000000)
  eden space 144896K, 0% used [0x00000000eab00000,0x00000000eab00000,0x00000000f3880000)
  from space 15872K, 99% used [0x00000000f3e00000,0x00000000f4d7e040,0x00000000f4d80000)
  to   space 20480K, 0% used [0x00000000f4d80000,0x00000000f4d80000,0x00000000f6180000)
 ParOldGen       total 98304K, used 28670K [0x00000000c0000000, 0x00000000c6000000, 0x00000000eab00000)
  object space 98304K, 29% used [0x00000000c0000000,0x00000000c1bffa50,0x00000000c6000000)
 Metaspace       used 46930K, capacity 48360K, committed 48640K, reserved 1091584K
  class space    used 6406K, capacity 6786K, committed 6912K, reserved 1048576K
Event: 10.329 GC heap after
Heap after GC invocations=12 (full 3):
 PSYoungGen      total 160768K, used 0K [0x00000000eab00000, 0x00000000f6180000, 0x0000000100000000)
  eden space 144896K, 0% used [0x00000000eab00000,0x00000000eab00000,0x00000000f3880000)
  from space 15872K, 0% used [0x00000000f3e00000,0x00000000f3e00000,0x00000000f4d80000)
  to   space 20480K, 0% used [0x00000000f4d80000,0x00000000f4d80000,0x00000000f6180000)
 ParOldGen       total 98304K, used 38489K [0x00000000c0000000, 0x00000000c6000000, 0x00000000eab00000)
  object space 98304K, 39% used [0x00000000c0000000,0x00000000c2596760,0x00000000c6000000)
 Metaspace       used 46930K, capacity 48360K, committed 48640K, reserved 1091584K
  class space    used 6406K, capacity 6786K, committed 6912K, reserved 1048576K
}
Event: 40.272 GC heap before
{Heap before GC invocations=13 (full 3):
 PSYoungGen      total 160768K, used 144896K [0x00000000eab00000, 0x00000000f6180000, 0x0000000100000000)
  eden space 144896K, 100% used [0x00000000eab00000,0x00000000f3880000,0x00000000f3880000)
  from space 15872K, 0% used [0x00000000f3e00000,0x00000000f3e00000,0x00000000f4d80000)
  to   space 20480K, 0% used [0x00000000f4d80000,0x00000000f4d80000,0x00000000f6180000)
 ParOldGen       total 98304K, used 38489K [0x00000000c0000000, 0x00000000c6000000, 0x00000000eab00000)
  object space 98304K, 39% used [0x00000000c0000000,0x00000000c2596760,0x00000000c6000000)
 Metaspace       used 50910K, capacity 52628K, committed 52736K, reserved 1095680K
  class space    used 6879K, capacity 7357K, committed 7424K, reserved 1048576K
Event: 40.288 GC heap after
Heap after GC invocations=13 (full 3):
 PSYoungGen      total 165888K, used 13532K [0x00000000eab00000, 0x00000000f8100000, 0x0000000100000000)
  eden space 145408K, 0% used [0x00000000eab00000,0x00000000eab00000,0x00000000f3900000)
  from space 20480K, 66% used [0x00000000f4d80000,0x00000000f5ab70a8,0x00000000f6180000)
  to   space 20992K, 0% used [0x00000000f3900000,0x00000000f3900000,0x00000000f4d80000)
 ParOldGen       total 98304K, used 38497K [0x00000000c0000000, 0x00000000c6000000, 0x00000000eab00000)
  object space 98304K, 39% used [0x00000000c0000000,0x00000000c2598760,0x00000000c6000000)
 Metaspace       used 50910K, capacity 52628K, committed 52736K, reserved 1095680K
  class space    used 6879K, capacity 7357K, committed 7424K, reserved 1048576K
}

